<?xml version="1.0" encoding="UTF-8"?>
<!-- Generated by org.testng.reporters.JUnitReportReporter -->
<testsuite hostname="Sherins-MacBook-Air.local" failures="0" tests="7" name="com.cucumbertests.saucedemo_automation.runners.TestRunnerTestNG" time="35.698" errors="0" timestamp="2024-10-18T12:04:12 IST" skipped="0">
  <testcase classname="com.cucumbertests.saucedemo_automation.runners.TestRunnerTestNG" name="runScenario" time="2.710"/>
  <testcase classname="com.cucumbertests.saucedemo_automation.runners.TestRunnerTestNG" name="runScenario" time="0.117"/>
  <testcase classname="com.cucumbertests.saucedemo_automation.runners.TestRunnerTestNG" name="runScenario" time="10.425"/>
  <testcase classname="com.cucumbertests.saucedemo_automation.runners.TestRunnerTestNG" name="runScenario" time="10.512"/>
  <testcase classname="com.cucumbertests.saucedemo_automation.runners.TestRunnerTestNG" name="runScenario" time="0.679"/>
  <testcase classname="com.cucumbertests.saucedemo_automation.runners.TestRunnerTestNG" name="runScenario" time="0.720"/>
  <testcase classname="com.cucumbertests.saucedemo_automation.runners.TestRunnerTestNG" name="runScenario" time="10.535"/>
</testsuite> <!-- com.cucumbertests.saucedemo_automation.runners.TestRunnerTestNG -->
